
===============================================

Domain: 
         P - Q  >= 0
         Q  -1 >= 0
          1 >= 0

-----------------------------------------------
Coefficients: 

	1
	Q
	Minimum coefficient: 1
	Maximum coefficient: Q


===============================================

Domain: 
         - P + Q  >= 0
         P  -1 >= 0
          1 >= 0

-----------------------------------------------
Coefficients: 

	1
	P
	Minimum coefficient: 1
	Maximum coefficient: P


===============================================
