
===============================================

Domain: 
         P - Q + 1 >= 0
         Q  -2 >= 0
          1 >= 0

-----------------------------------------------
Coefficients: 

	P
	-1+Q
	Minimum coefficient(s): {-1+Q}
	Maximum coefficient(s): {P}


===============================================

Domain: 
         P  -1 >= 0
         - Q + 2 >= 0
          1 >= 0

-----------------------------------------------
Coefficients: 

	1
	P
	Minimum coefficient(s): {1}
	Maximum coefficient(s): {P}


===============================================
