
===============================================

Domain: 
         M + L  >= 0
         N - M - L  >= 0
         L  >= 0
          1 >= 0

-----------------------------------------------
Coefficients: 

	34/7*L-1/7*M
	75/28*N+61/28*L-79/28*M
	Minimum coefficient: 34/7*L-1/7*M
	Maximum coefficient: 75/28*N+61/28*L-79/28*M


===============================================

Domain: 
         M + L  >= 0
         - N + M + L  >= 0
         L  >= 0
          1 >= 0

-----------------------------------------------
Coefficients: 

	-1/7*N+5*L
	34/7*N-5*M
	Maximum coefficient: -1/7*N+5*L
	Minimum coefficient: 34/7*N-5*M


===============================================
