
===============================================

Domain: 
         P - Q  >= 0
         Q  -1 >= 0
          1 >= 0

-----------------------------------------------
Coefficients: 

	a2		--> 1

	a1		--> 1

	a0		--> Q



===============================================

Domain: 
         - P + Q  >= 0
         P  -1 >= 0
          1 >= 0

-----------------------------------------------
Coefficients: 

	a0		--> P

	a2		--> 1

	a1		--> 1

	Maximum coefficient: P
	Minimum coefficient: 1
	Minimum coefficient: 1


===============================================
