
===============================================

Domain: 
         M + L  >= 0
         N - M - L  >= 0
         L  >= 0
          1 >= 0

-----------------------------------------------
Coefficients: 

	a0^3		--> -3/8*L^2*M-3/4*L*M*N+1/4*L-1/4*M*N-3/8*L^2*N-1/8*N^3+1/8*M^2-3/4*M+1/8*N^2-3/8*M*N^2-1/8*M^3+3/4*N-3/8*L*M^2-1/8*L^3-3/8*L*N^2+1/8*L^2-1/4*L*N+1/4*L*M-3/8*M^2*N

	a1^3		--> -3*L^2*M+L-M^3-3*L*M^2-L^3

	a1^2*a0		--> -3/2*L^2*M-L*M*N+3/4*L-1/2*L^2*N-1/4*M-1/2*M^3+1/4*N-3/2*L*M^2-1/2*L^3-1/2*M^2*N

	a1*a0^2		--> -3/4*L^2*M-L*M*N+1/2*L-1/12*M*N-1/2*L^2*N+1/24*M^2-1/2*M+1/24*N^2-1/4*M*N^2-1/4*M^3+1/2*N-3/4*L*M^2-1/4*L^3-1/4*L*N^2+1/24*L^2-1/12*L*N+1/12*L*M-1/2*M^2*N



===============================================

Domain: 
         M + L  >= 0
         - N + M + L  >= 0
         L  >= 0
          1 >= 0

-----------------------------------------------
Coefficients: 

	a1^3		--> -N^3-M+N

	a1^2*a0		--> 1/3*L-N^3-2/3*M+2/3*N

	a0^3		--> L-N^3

	a1*a0^2		--> 2/3*L-N^3-1/3*M+1/3*N



===============================================
