
===============================================

Domain: 
         N  >= 0
          1 >= 0

-----------------------------------------------
Coefficients: 

	a1^2*a0		--> 1/4*N

	a0^3		--> -1/8*N^3+1/8*N^2+3/4*N

	a1*a0^2		--> 1/24*N^2+1/2*N

	a1^3		--> 0


N >= 0
	Maximum coefficient: 1/24*N^2+1/2*N
	Minimum coefficient: -1/8*N^3+1/8*N^2+3/4*N


===============================================

Domain: 
         - N  >= 0
          1 >= 0

-----------------------------------------------
Coefficients: 

	a0^3		--> -N^3

	a1^3		--> -N^3+N

	a1^2*a0		--> -N^3+2/3*N

	a1*a0^2		--> -N^3+1/3*N


N >= 0
	Maximum coefficient: -N^3+N
	Minimum coefficient: -N^3

N < 0
	Maximum coefficient: -N^3
	Minimum coefficient: -N^3+N


===============================================
